
.  // list the participant and their hearing value for each hearing frequency
.  foreach x in aud_r_500hz       aud_r_1000hz aud_r_2000hz ///
>  aud_r_4000hz aud_r_6000hz aud_r_8000hz ///
>  aud_l_500hz    aud_l_1000hz aud_l_2000hz ///
>  aud_l_4000hz aud_l_6000hz aud_l_8000hz {
  2.  list id `x' bpta if mod(`x',5)!=0 & !missing(`x'),noob
  3.  }

  +---------------------------+
  |      id   aud_r_5~   bpta |
  |---------------------------|
  | J238744         44   47.5 |
  +---------------------------+

  +----------------------------+
  |      id   aud_r_1~    bpta |
  |----------------------------|
  | J292970          1   15.25 |
  | M226185          1   16.25 |
  +----------------------------+

  +----------------------------+
  |      id   aud_r_2~    bpta |
  |----------------------------|
  | J295863          6      34 |
  | M122438          4    23.5 |
  | W148819         44   47.25 |
  | W225026         12    20.5 |
  | W243266         43    47.5 |
  +----------------------------+

  +---------------------------+
  |      id   aud_r_6~   bpta |
  |---------------------------|
  | F149716          7   22.5 |
  | F209856         89     45 |
  +---------------------------+

  +---------------------------+
  |      id   aud_r_8~   bpta |
  |---------------------------|
  | M184212         76     35 |
  +---------------------------+

  +---------------------------+
  |      id   aud_l_5~   bpta |
  |---------------------------|
  | F256319         51   47.5 |
  +---------------------------+

  +---------------------------+
  |      id   aud_l_1~   bpta |
  |---------------------------|
  | J315766          2     25 |
  +---------------------------+

  +----------------------------+
  |      id   aud_l_2~    bpta |
  |----------------------------|
  | M244601          7   36.25 |
  | M302350         34    38.5 |
  +----------------------------+

  +----------------------------+
  |      id   aud_l_4~    bpta |
  |----------------------------|
  | M299519         86   43.75 |
  +----------------------------+

  +----------------------------+
  |      id   aud_l_6~    bpta |
  |----------------------------|
  | J133254         52   11.25 |
  +----------------------------+

  +---------------------------+
  |      id   aud_l_8~   bpta |
  |---------------------------|
  | J197543          7   47.5 |
  +---------------------------+

.  
.  // check the number of suspicious auditory value for each frequency 
.  foreach x in  aud_r_500hz      aud_r_1000hz aud_r_2000hz ///
>  aud_r_4000hz aud_r_6000hz aud_r_8000hz ///
>  aud_l_500hz    aud_l_1000hz aud_l_2000hz ///
>  aud_l_4000hz aud_l_6000hz aud_l_8000hz {
  2.  count if mod(`x',5)!=0 & !missing(`x')
  3.  } 
  1
  2
  5
  0
  2
  1
  1
  1
  2
  1
  1
  1

.  capture log close
