Mplus VERSION 8.1
MUTHEN & MUTHEN
11/07/2018   1:32 PM

INPUT INSTRUCTIONS

  TITLE:
    Variable List -

    u3 : Log transform trats
      1: 1: logtrats ( 31.35 -  33.22)
      2: 2: logtrats ( 33.35 -  35.50)
      3: 3: logtrats ( 35.69 -  37.71)
      4: 4: logtrats ( 37.98 -  39.86)
      5: 5: logtrats ( 40.23 -  41.92)
      6: 6: logtrats ( 42.40 -  44.06)
      7: 7: logtrats ( 44.70 -  46.12)
      8: 8: logtrats ( 46.92 -  50.00)
    u4 : Log transform trbts
      1: 1: logtrbts ( 25.55 -  27.39)
      2: 2: logtrbts ( 27.50 -  29.57)
      3: 3: logtrbts ( 29.63 -  31.62)
      4: 4: logtrbts ( 31.71 -  33.74)
      5: 5: logtrbts ( 33.88 -  35.88)
      6: 6: logtrbts ( 36.08 -  37.98)
      7: 7: logtrbts ( 38.26 -  40.23)
      8: 8: logtrbts ( 40.62 -  43.47)
    u5 : Card Rotations: Total score (correct-incorrect)
      1: 1: crdrot ( 12.00 -  32.00)
      2: 2: crdrot ( 33.00 -  54.00)
      3: 3: crdrot ( 55.00 -  76.00)
      4: 4: crdrot ( 77.00 -  98.00)
      5: 5: crdrot ( 99.00 - 120.00)
      6: 6: crdrot (121.00 - 142.00)
      7: 7: crdrot (143.00 - 164.00)
      8: 8: crdrot (165.00 - 198.00)
    u6 : Similar Total score
      1: 1: simtot ( 13.00 -  14.00)
      2: 2: simtot ( 15.00 -  15.00)
      3: 3: simtot ( 16.00 -  17.00)
      4: 4: simtot ( 18.00 -  19.00)
      5: 5: simtot ( 20.00 -  20.00)
      6: 6: simtot ( 21.00 -  22.00)
      7: 7: simtot ( 23.00 -  23.00)
      8: 8: simtot ( 24.00 -  26.00)
    u7 : Clock 3:25
    u8 : Clock 11:10
    u9 :
      1: 1: dsstot ( 18.00 -  26.00)
      2: 2: dsstot ( 27.00 -  34.00)
      3: 3: dsstot ( 35.00 -  43.00)
      4: 4: dsstot ( 44.00 -  52.00)
      5: 5: dsstot ( 53.00 -  60.00)
      6: 6: dsstot ( 61.00 -  69.00)
      7: 7: dsstot ( 70.00 -  87.00)
    u13 : BVR Total errors
      1: 1: bvrtot (  2.00 -   3.00)
      2: 2: bvrtot (  4.00 -   6.00)
      3: 3: bvrtot (  7.00 -   8.00)
      4: 4: bvrtot (  9.00 -  10.00)
      5: 5: bvrtot ( 11.00 -  13.00)
      6: 6: bvrtot ( 14.00 -  15.00)
      7: 7: bvrtot ( 16.00 -  18.00)
      8: 8: bvrtot ( 19.00 -  22.00)
    u16 : BostonNaming - # correct of 60
      1: 1: boscor ( 45.00 -  46.00)
      2: 2: boscor ( 47.00 -  48.00)
      3: 3: boscor ( 49.00 -  50.00)
      4: 4: boscor ( 51.00 -  52.00)
      5: 5: boscor ( 53.00 -  53.00)
      6: 6: boscor ( 54.00 -  55.00)
      7: 7: boscor ( 56.00 -  57.00)
      8: 8: boscor ( 58.00 -  60.00)
    va2040 : VA worse than 20/40 USING BCBE VA

  DATA:
    VARIANCES = nocheck ;
    FILE = __000001.dat ;
  VARIABLE:
    NAMES =
      u3 u4 u5 u6 u7 u8 u9 u13 u16 va2040 ;
    MISSING ARE ALL (-9999) ;
    CATEGORICAL =
      u3
      u4
      u5
      u6
      u7
      u8
      u9
      u13
      u16
      ;
  classes=d(2) ;
  knownclass=d(va2040) ;

  ANALYSIS:
     COVERAGE = 0 ;
  type=mixture ;
  !estimator=bayes ;
  !fbiter=1000 ;
  thin=40 ;
  !chains=1 ;
  alignment = fixed(1 )  ;
  algorithm=integration ;
  process=2 ;

  OUTPUT:
  stdyx ;
  align ;

  MODEL:
  %OVERALL%
  f BY u3 u4 u5 u6 u7 u8 u9 u13 u16  ;




*** WARNING in ANALYSIS command
  The THIN option is not available with this analysis.
  THIN will be ignored.
  Specify ESTIMATOR=BAYES to use this option.
*** WARNING in OUTPUT command
  STANDARDIZED (STD, STDY, STDYX) options are not available for analysis with
  ALIGNMENT=FREE or ALIGNMENT=FIXED.
  Request for STANDARDIZED (STD, STDY, STDYX) is ignored.
*** WARNING
  Data set contains cases with missing on all variables.
  These cases were not included in the analysis.
  Number of cases with missing on all variables:  3
   3 WARNING(S) FOUND IN THE INPUT INSTRUCTIONS




Variable List -

u3 : Log transform trats
1: 1: logtrats ( 31.35 -  33.22)
2: 2: logtrats ( 33.35 -  35.50)
3: 3: logtrats ( 35.69 -  37.71)
4: 4: logtrats ( 37.98 -  39.86)
5: 5: logtrats ( 40.23 -  41.92)
6: 6: logtrats ( 42.40 -  44.06)
7: 7: logtrats ( 44.70 -  46.12)
8: 8: logtrats ( 46.92 -  50.00)
u4 : Log transform trbts
1: 1: logtrbts ( 25.55 -  27.39)
2: 2: logtrbts ( 27.50 -  29.57)
3: 3: logtrbts ( 29.63 -  31.62)
4: 4: logtrbts ( 31.71 -  33.74)
5: 5: logtrbts ( 33.88 -  35.88)
6: 6: logtrbts ( 36.08 -  37.98)
7: 7: logtrbts ( 38.26 -  40.23)
8: 8: logtrbts ( 40.62 -  43.47)
u5 : Card Rotations: Total score (correct-incorrect)
1: 1: crdrot ( 12.00 -  32.00)
2: 2: crdrot ( 33.00 -  54.00)
3: 3: crdrot ( 55.00 -  76.00)
4: 4: crdrot ( 77.00 -  98.00)
5: 5: crdrot ( 99.00 - 120.00)
6: 6: crdrot (121.00 - 142.00)
7: 7: crdrot (143.00 - 164.00)
8: 8: crdrot (165.00 - 198.00)
u6 : Similar Total score
1: 1: simtot ( 13.00 -  14.00)
2: 2: simtot ( 15.00 -  15.00)
3: 3: simtot ( 16.00 -  17.00)
4: 4: simtot ( 18.00 -  19.00)
5: 5: simtot ( 20.00 -  20.00)
6: 6: simtot ( 21.00 -  22.00)
7: 7: simtot ( 23.00 -  23.00)
8: 8: simtot ( 24.00 -  26.00)
u7 : Clock 3:25
u8 : Clock 11:10
u9 :
1: 1: dsstot ( 18.00 -  26.00)
2: 2: dsstot ( 27.00 -  34.00)
3: 3: dsstot ( 35.00 -  43.00)
4: 4: dsstot ( 44.00 -  52.00)
5: 5: dsstot ( 53.00 -  60.00)
6: 6: dsstot ( 61.00 -  69.00)
7: 7: dsstot ( 70.00 -  87.00)
u13 : BVR Total errors
1: 1: bvrtot (  2.00 -   3.00)
2: 2: bvrtot (  4.00 -   6.00)
3: 3: bvrtot (  7.00 -   8.00)
4: 4: bvrtot (  9.00 -  10.00)
5: 5: bvrtot ( 11.00 -  13.00)
6: 6: bvrtot ( 14.00 -  15.00)
7: 7: bvrtot ( 16.00 -  18.00)
8: 8: bvrtot ( 19.00 -  22.00)
u16 : BostonNaming - # correct of 60
1: 1: boscor ( 45.00 -  46.00)
2: 2: boscor ( 47.00 -  48.00)
3: 3: boscor ( 49.00 -  50.00)
4: 4: boscor ( 51.00 -  52.00)
5: 5: boscor ( 53.00 -  53.00)
6: 6: boscor ( 54.00 -  55.00)
7: 7: boscor ( 56.00 -  57.00)
8: 8: boscor ( 58.00 -  60.00)
va2040 : VA worse than 20/40 USING BCBE VA

SUMMARY OF ANALYSIS

Number of groups                                                 1
Number of observations                                         719

Number of dependent variables                                    9
Number of independent variables                                  0
Number of continuous latent variables                            1
Number of categorical latent variables                           1

Observed dependent variables

  Binary and ordered categorical (ordinal)
   U3          U4          U5          U6          U7          U8
   U9          U13         U16

Continuous latent variables
   F

Categorical latent variables
   D

  Knownclass            D


Estimator                                                      MLR
Information matrix                                        OBSERVED
Optimization Specifications for the Quasi-Newton Algorithm for
Continuous Outcomes
  Maximum number of iterations                                 100
  Convergence criterion                                  0.100D-05
Optimization Specifications for the EM Algorithm
  Maximum number of iterations                                 500
  Convergence criteria
    Loglikelihood change                                 0.100D-02
    Relative loglikelihood change                        0.100D-05
    Derivative                                           0.100D-02
Optimization Specifications for the M step of the EM Algorithm for
Categorical Latent variables
  Number of M step iterations                                    1
  M step convergence criterion                           0.100D-02
  Basis for M step termination                           ITERATION
Optimization Specifications for the M step of the EM Algorithm for
Censored, Binary or Ordered Categorical (Ordinal), Unordered
Categorical (Nominal) and Count Outcomes
  Number of M step iterations                                    1
  M step convergence criterion                           0.100D-02
  Basis for M step termination                           ITERATION
  Maximum value for logit thresholds                            15
  Minimum value for logit thresholds                           -15
  Minimum expected cell size for chi-square              0.100D-01
Maximum number of iterations for H1                           2000
Convergence criterion for H1                             0.100D-03
Optimization algorithm                                         EMA
Integration Specifications
  Type                                                    STANDARD
  Number of integration points                                  15
  Dimensions of numerical integration                            1
  Adaptive quadrature                                           ON
Link                                                         LOGIT
Specifications for Alignment Analysis
  Factor mean for reference group                            FIXED
  Simplicity function                                         SQRT
  Factor variance metric                           Reference group
  Reference group                                                1
  Tolerance value                                        0.100D-01
  Number of random starts                                       30
  Maximum number of iterations                                5000
  Convergence criteration                                0.100D-02
Cholesky                                                       OFF

Input data file(s)
  __000001.dat
Input data format  FREE


SUMMARY OF DATA

     Number of missing data patterns            23
     Number of y missing data patterns           0
     Number of u missing data patterns          23


COVARIANCE COVERAGE OF DATA

Minimum covariance coverage value   0.000


     PROPORTION OF DATA PRESENT FOR U


           Covariance Coverage
              U3            U4            U5            U6            U7
              ________      ________      ________      ________      ________
 U3             0.993
 U4             0.964         0.965
 U5             0.962         0.937         0.968
 U6             0.983         0.954         0.958         0.989
 U7             0.822         0.794         0.800         0.816         0.828
 U8             0.822         0.794         0.800         0.816         0.828
 U9             0.960         0.933         0.943         0.955         0.798
 U13            0.986         0.958         0.964         0.981         0.821
 U16            0.815         0.787         0.794         0.809         0.819


           Covariance Coverage
              U8            U9            U13           U16
              ________      ________      ________      ________
 U8             0.828
 U9             0.798         0.964
 U13            0.821         0.957         0.992
 U16            0.819         0.791         0.819         0.821


UNIVARIATE PROPORTIONS AND COUNTS FOR CATEGORICAL VARIABLES

    U3
      Category 1    0.014           10.000
      Category 2    0.021           15.000
      Category 3    0.070           50.000
      Category 4    0.158          113.000
      Category 5    0.202          144.000
      Category 6    0.192          137.000
      Category 7    0.150          107.000
      Category 8    0.094           67.000
      Category 9    0.099           71.000
    U4
      Category 1    0.022           15.000
      Category 2    0.045           31.000
      Category 3    0.137           95.000
      Category 4    0.231          160.000
      Category 5    0.261          181.000
      Category 6    0.163          113.000
      Category 7    0.095           66.000
      Category 8    0.048           33.000
    U5
      Category 1    0.019           13.000
      Category 2    0.075           52.000
      Category 3    0.141           98.000
      Category 4    0.203          141.000
      Category 5    0.207          144.000
      Category 6    0.147          102.000
      Category 7    0.106           74.000
      Category 8    0.053           37.000
      Category 9    0.050           35.000
    U6
      Category 1    0.024           17.000
      Category 2    0.025           18.000
      Category 3    0.017           12.000
      Category 4    0.058           41.000
      Category 5    0.128           91.000
      Category 6    0.086           61.000
      Category 7    0.276          196.000
      Category 8    0.150          107.000
      Category 9    0.236          168.000
    U7
      Category 1    0.022           13.000
      Category 2    0.034           20.000
      Category 3    0.097           58.000
      Category 4    0.235          140.000
      Category 5    0.455          271.000
      Category 6    0.156           93.000
    U8
      Category 1    0.055           33.000
      Category 2    0.054           32.000
      Category 3    0.173          103.000
      Category 4    0.281          167.000
      Category 5    0.437          260.000
    U9
      Category 1    0.014           10.000
      Category 2    0.084           58.000
      Category 3    0.195          135.000
      Category 4    0.264          183.000
      Category 5    0.209          145.000
      Category 6    0.140           97.000
      Category 7    0.094           65.000
    U13
      Category 1    0.035           25.000
      Category 2    0.053           38.000
      Category 3    0.107           76.000
      Category 4    0.083           59.000
      Category 5    0.100           71.000
      Category 6    0.206          147.000
      Category 7    0.123           88.000
      Category 8    0.158          113.000
      Category 9    0.135           96.000
    U16
      Category 1    0.085           50.000
      Category 2    0.034           20.000
      Category 3    0.041           24.000
      Category 4    0.044           26.000
      Category 5    0.092           54.000
      Category 6    0.044           26.000
      Category 7    0.149           88.000
      Category 8    0.224          132.000
      Category 9    0.288          170.000



THE MODEL ESTIMATION TERMINATED NORMALLY

     THE CHI-SQUARE TEST CANNOT BE COMPUTED BECAUSE THE FREQUENCY TABLE FOR THE
     LATENT CLASS INDICATOR MODEL PART IS TOO LARGE.




MODEL FIT INFORMATION

Number of Free Parameters                      143

Loglikelihood

          H0 Value                      -10235.026
          H0 Scaling Correction Factor      0.9987
            for MLR

Information Criteria

          Akaike (AIC)                   20756.053
          Bayesian (BIC)                 21410.687
          Sample-Size Adjusted BIC       20956.622
            (n* = (n + 2) / 24)



FINAL CLASS COUNTS AND PROPORTIONS FOR THE LATENT CLASSES
BASED ON THE ESTIMATED MODEL

    Latent
   Classes

       1        644.00000          0.89569
       2         75.00000          0.10431


MODEL RESULTS

                                                    Two-Tailed
                    Estimate       S.E.  Est./S.E.    P-Value

Latent Class 1 (0)

 F        BY
    U3                 2.705      0.884      3.059      0.002
    U4                 3.963      1.305      3.038      0.002
    U5                 1.807      0.578      3.125      0.002
    U6                 0.737      0.255      2.888      0.004
    U7                 0.945      0.329      2.869      0.004
    U8                 1.050      0.364      2.886      0.004
    U9                 2.849      0.924      3.083      0.002
    U13                1.426      0.431      3.308      0.001
    U16                1.348      0.430      3.136      0.002

 Means
    F                  0.769      0.286      2.688      0.007

 Thresholds
    U3$1              -4.993      0.598     -8.346      0.000
    U3$2              -3.710      0.475     -7.816      0.000
    U3$3              -1.811      0.413     -4.390      0.000
    U3$4               0.065      0.399      0.164      0.870
    U3$5               1.606      0.408      3.938      0.000
    U3$6               2.974      0.426      6.978      0.000
    U3$7               4.219      0.443      9.516      0.000
    U3$8               5.431      0.468     11.598      0.000
    U4$1              -4.880      0.751     -6.502      0.000
    U4$2              -2.714      0.619     -4.387      0.000
    U4$3              -0.136      0.588     -0.232      0.817
    U4$4               2.221      0.611      3.634      0.000
    U4$5               4.573      0.668      6.843      0.000
    U4$6               6.655      0.742      8.970      0.000
    U4$7               8.883      0.844     10.526      0.000
    U5$1              -4.059      0.414     -9.810      0.000
    U5$2              -1.869      0.293     -6.381      0.000
    U5$3              -0.400      0.276     -1.452      0.147
    U5$4               0.875      0.275      3.185      0.001
    U5$5               2.035      0.286      7.103      0.000
    U5$6               3.027      0.296     10.230      0.000
    U5$7               4.096      0.314     13.058      0.000
    U5$8               5.015      0.332     15.118      0.000
    U6$1              -3.454      0.284    -12.182      0.000
    U6$2              -2.671      0.217    -12.322      0.000
    U6$3              -2.316      0.193    -12.001      0.000
    U6$4              -1.624      0.165     -9.846      0.000
    U6$5              -0.696      0.149     -4.677      0.000
    U6$6              -0.227      0.149     -1.523      0.128
    U6$7               1.042      0.158      6.598      0.000
    U6$8               1.805      0.170     10.608      0.000
    U7$1              -3.911      0.355    -11.022      0.000
    U7$2              -2.668      0.243    -10.969      0.000
    U7$3              -1.361      0.190     -7.159      0.000
    U7$4               0.041      0.181      0.225      0.822
    U7$5               2.353      0.221     10.664      0.000
    U8$1              -2.675      0.247    -10.847      0.000
    U8$2              -1.811      0.213     -8.505      0.000
    U8$3              -0.482      0.192     -2.510      0.012
    U8$4               0.848      0.196      4.333      0.000
    U9$1              -5.004      0.579     -8.636      0.000
    U9$2              -1.859      0.430     -4.322      0.000
    U9$3               0.402      0.420      0.955      0.339
    U9$4               2.352      0.441      5.336      0.000
    U9$5               4.045      0.467      8.658      0.000
    U9$6               5.761      0.510     11.302      0.000
    U13$1             -3.084      0.309     -9.989      0.000
    U13$2             -1.942      0.249     -7.790      0.000
    U13$3             -0.883      0.233     -3.798      0.000
    U13$4             -0.326      0.230     -1.417      0.157
    U13$5              0.244      0.230      1.063      0.288
    U13$6              1.341      0.237      5.649      0.000
    U13$7              2.041      0.246      8.282      0.000
    U13$8              3.238      0.265     12.229      0.000
    U16$1             -2.127      0.239     -8.883      0.000
    U16$2             -1.742      0.232     -7.495      0.000
    U16$3             -1.309      0.224     -5.831      0.000
    U16$4             -0.933      0.216     -4.317      0.000
    U16$5             -0.344      0.211     -1.629      0.103
    U16$6             -0.053      0.211     -0.253      0.801
    U16$7              0.683      0.213      3.203      0.001
    U16$8              1.796      0.228      7.860      0.000

 Variances
    F                  0.682      0.432      1.578      0.115

Latent Class 2 (1)

 F        BY
    U3                 2.021      0.511      3.958      0.000
    U4                 1.821      0.454      4.010      0.000
    U5                 2.311      0.516      4.483      0.000
    U6                 1.322      0.396      3.341      0.001
    U7                 1.748      0.459      3.807      0.000
    U8                 1.838      0.495      3.715      0.000
    U9                 1.568      0.442      3.551      0.000
    U13                1.484      0.358      4.149      0.000
    U16                1.216      0.371      3.280      0.001

 Means
    F                  0.000      0.000    999.000    999.000

 Thresholds
    U3$1              -5.580      1.008     -5.537      0.000
    U3$2              -3.542      0.628     -5.640      0.000
    U3$3              -1.671      0.451     -3.708      0.000
    U3$4              -0.034      0.376     -0.091      0.927
    U3$5               1.376      0.417      3.303      0.001
    U3$6               2.194      0.487      4.507      0.000
    U3$7               3.793      0.633      5.988      0.000
    U3$8               5.577      1.205      4.627      0.000
    U4$1              -3.787      0.710     -5.335      0.000
    U4$2              -2.379      0.533     -4.464      0.000
    U4$3              -0.769      0.378     -2.035      0.042
    U4$4               1.256      0.389      3.231      0.001
    U4$5               3.950      0.694      5.691      0.000
    U4$6               4.664      0.880      5.299      0.000
    U4$7               7.416      0.493     15.045      0.000
    U5$1              -4.710      0.983     -4.791      0.000
    U5$2              -2.088      0.572     -3.653      0.000
    U5$3              -0.513      0.572     -0.898      0.369
    U5$4               1.370      0.425      3.225      0.001
    U5$5               3.511      0.564      6.231      0.000
    U5$6               4.270      0.687      6.216      0.000
    U5$7               4.270      1.000      4.270      0.000
    U5$8               5.091      0.769      6.623      0.000
    U6$1              -4.115      0.701     -5.870      0.000
    U6$2              -3.169      0.533     -5.947      0.000
    U6$3              -2.941      0.471     -6.249      0.000
    U6$4              -1.668      0.350     -4.762      0.000
    U6$5              -0.479      0.311     -1.540      0.124
    U6$6              -0.115      0.306     -0.374      0.709
    U6$7               0.797      0.325      2.453      0.014
    U6$8               1.541      0.385      4.002      0.000
    U7$1              -3.948      0.611     -6.463      0.000
    U7$2              -3.115      0.543     -5.742      0.000
    U7$3              -1.898      0.403     -4.709      0.000
    U7$4              -0.247      0.351     -0.705      0.481
    U7$5               2.709      0.535      5.062      0.000
    U8$1              -3.282      0.573     -5.731      0.000
    U8$2              -2.252      0.432     -5.213      0.000
    U8$3              -0.765      0.370     -2.068      0.039
    U8$4               0.897      0.375      2.390      0.017
    U9$1              -4.703      0.809     -5.814      0.000
    U9$2              -1.759      0.424     -4.151      0.000
    U9$3               0.232      0.330      0.701      0.483
    U9$4               2.123      0.432      4.911      0.000
    U9$5               3.060      0.501      6.109      0.000
    U9$6               5.092      1.014      5.020      0.000
    U13$1             -2.931      0.514     -5.697      0.000
    U13$2             -1.918      0.432     -4.440      0.000
    U13$3             -0.502      0.317     -1.582      0.114
    U13$4              0.290      0.321      0.902      0.367
    U13$5              0.999      0.336      2.971      0.003
    U13$6              1.889      0.412      4.587      0.000
    U13$7              2.441      0.461      5.288      0.000
    U13$8              3.560      0.571      6.231      0.000
    U16$1             -2.057      0.352     -5.848      0.000
    U16$2             -1.358      0.352     -3.861      0.000
    U16$3             -1.082      0.313     -3.455      0.001
    U16$4             -0.824      0.307     -2.680      0.007
    U16$5             -0.167      0.305     -0.548      0.584
    U16$6             -0.167      1.000     -0.167      0.868
    U16$7              0.697      0.312      2.233      0.026
    U16$8              1.919      0.403      4.765      0.000

 Variances
    F                  1.000      0.000    999.000    999.000

Categorical Latent Variables

 Means
    D#1                2.150      0.122     17.623      0.000



APPROXIMATE MEASUREMENT INVARIANCE (NONINVARIANCE) FOR GROUPS

 Intercepts/Thresholds
   U3$1        0 1
   U3$2        0 1
   U3$3        0 1
   U3$4        0 1
   U3$5        0 1
   U3$6        0 1
   U3$7        0 1
   U3$8        0 1
   U4$1        0 1
   U4$2        0 1
   U4$3        0 1
   U4$4        0 1
   U4$5        0 1
   U4$6        0 1
   U4$7        0 1
   U5$1        0 1
   U5$2        0 1
   U5$3        0 1
   U5$4        0 1
   U5$5        0 1
   U5$6        0 1
   U5$7        0 1
   U5$8        0 1
   U6$1        0 1
   U6$2        0 1
   U6$3        0 1
   U6$4        0 1
   U6$5        0 1
   U6$6        0 1
   U6$7        0 1
   U6$8        0 1
   U7$1        0 1
   U7$2        0 1
   U7$3        0 1
   U7$4        0 1
   U7$5        0 1
   U8$1        0 1
   U8$2        0 1
   U8$3        0 1
   U8$4        0 1
   U9$1        0 1
   U9$2        0 1
   U9$3        0 1
   U9$4        0 1
   U9$5        0 1
   U9$6        0 1
   U13$1       0 1
   U13$2       0 1
   U13$3       0 1
   U13$4       0 1
   U13$5       0 1
   U13$6       0 1
   U13$7       0 1
   U13$8       0 1
   U16$1       0 1
   U16$2       0 1
   U16$3       0 1
   U16$4       0 1
   U16$5       0 1
   U16$6       0 1
   U16$7       0 1
   U16$8       0 1

 Loadings for F
   U3          0 1
   U4          0 1
   U5          0 1
   U6          0 1
   U7          0 1
   U8          0 1
   U9          0 1
   U13         0 1
   U16         0 1


FACTOR MEAN COMPARISON AT THE 5% SIGNIFICANCE LEVEL IN DESCENDING ORDER

 Results for Factor F

           Latent    Group      Factor
 Ranking    Class    Value       Mean     Groups With Significantly Smaller Factor Mean
     1         1         0       0.769    1
     2         2         1       0.000




QUALITY OF NUMERICAL RESULTS

     Condition Number for the Information Matrix              0.404E-07
       (ratio of smallest to largest eigenvalue)


ALIGNMENT OUTPUT

INVARIANCE ANALYSIS

 Intercepts/Thresholds
 Threshold U3$1
 Group     Group      Value      Value     Difference  SE       P-value
     1         0     -5.580     -4.993     -0.586      1.092      0.591
 Approximate Measurement Invariance Holds For Groups:
 0 1
 Weighted Average Value Across Invariant Groups:      -5.055
 R-square/Explained variance/Invariance index:       0.953

 Invariant Group Values, Difference to Average and Significance
 Group      Value Difference         SE    P-value
     0     -4.993      0.061      0.114      0.591
     1     -5.580     -0.525      0.978      0.591

 Threshold U3$2
 Group     Group      Value      Value     Difference  SE       P-value
     1         0     -3.542     -3.710      0.168      0.683      0.806
 Approximate Measurement Invariance Holds For Groups:
 0 1
 Weighted Average Value Across Invariant Groups:      -3.693
 R-square/Explained variance/Invariance index:       0.963

 Invariant Group Values, Difference to Average and Significance
 Group      Value Difference         SE    P-value
     0     -3.710     -0.018      0.071      0.806
     1     -3.542      0.151      0.612      0.806

 Threshold U3$3
 Group     Group      Value      Value     Difference  SE       P-value
     1         0     -1.671     -1.811      0.140      0.438      0.750
 Approximate Measurement Invariance Holds For Groups:
 0 1
 Weighted Average Value Across Invariant Groups:      -1.796
 R-square/Explained variance/Invariance index:       0.967

 Invariant Group Values, Difference to Average and Significance
 Group      Value Difference         SE    P-value
     0     -1.811     -0.015      0.046      0.750
     1     -1.671      0.125      0.393      0.750

 Threshold U3$4
 Group     Group      Value      Value     Difference  SE       P-value
     1         0     -0.034      0.065     -0.100      0.379      0.793
 Approximate Measurement Invariance Holds For Groups:
 0 1
 Weighted Average Value Across Invariant Groups:       0.055
 R-square/Explained variance/Invariance index:       0.993

 Invariant Group Values, Difference to Average and Significance
 Group      Value Difference         SE    P-value
     0      0.065      0.010      0.040      0.793
     1     -0.034     -0.089      0.340      0.793

 Threshold U3$5
 Group     Group      Value      Value     Difference  SE       P-value
     1         0      1.376      1.606     -0.230      0.451      0.610
 Approximate Measurement Invariance Holds For Groups:
 0 1
 Weighted Average Value Across Invariant Groups:       1.582
 R-square/Explained variance/Invariance index:       1.000

 Invariant Group Values, Difference to Average and Significance
 Group      Value Difference         SE    P-value
     0      1.606      0.024      0.047      0.610
     1      1.376     -0.206      0.404      0.610

 Threshold U3$6
 Group     Group      Value      Value     Difference  SE       P-value
     1         0      2.194      2.974     -0.779      0.551      0.157
 Approximate Measurement Invariance Holds For Groups:
 0 1
 Weighted Average Value Across Invariant Groups:       2.892
 R-square/Explained variance/Invariance index:       0.842

 Invariant Group Values, Difference to Average and Significance
 Group      Value Difference         SE    P-value
     0      2.974      0.081      0.057      0.157
     1      2.194     -0.698      0.494      0.157

 Threshold U3$7
 Group     Group      Value      Value     Difference  SE       P-value
     1         0      3.793      4.219     -0.426      0.677      0.529
 Approximate Measurement Invariance Holds For Groups:
 0 1
 Weighted Average Value Across Invariant Groups:       4.174
 R-square/Explained variance/Invariance index:       0.990

 Invariant Group Values, Difference to Average and Significance
 Group      Value Difference         SE    P-value
     0      4.219      0.044      0.071      0.529
     1      3.793     -0.382      0.606      0.529

 Threshold U3$8
 Group     Group      Value      Value     Difference  SE       P-value
     1         0      5.577      5.431      0.146      1.202      0.903
 Approximate Measurement Invariance Holds For Groups:
 0 1
 Weighted Average Value Across Invariant Groups:       5.446
 R-square/Explained variance/Invariance index:       0.966

 Invariant Group Values, Difference to Average and Significance
 Group      Value Difference         SE    P-value
     0      5.431     -0.015      0.125      0.903
     1      5.577      0.131      1.076      0.903

 Threshold U4$1
 Group     Group      Value      Value     Difference  SE       P-value
     1         0     -3.787     -4.880      1.093      0.955      0.252
 Approximate Measurement Invariance Holds For Groups:
 0 1
 Weighted Average Value Across Invariant Groups:      -4.766
 R-square/Explained variance/Invariance index:       0.786

 Invariant Group Values, Difference to Average and Significance
 Group      Value Difference         SE    P-value
     0     -4.880     -0.114      0.100      0.252
     1     -3.787      0.979      0.855      0.252

 Threshold U4$2
 Group     Group      Value      Value     Difference  SE       P-value
     1         0      2.379      2.714     -0.335      0.700      0.632
 Approximate Measurement Invariance Holds For Groups:
 0 1
 Weighted Average Value Across Invariant Groups:       2.679
 R-square/Explained variance/Invariance index:       0.883

 Invariant Group Values, Difference to Average and Significance
 Group      Value Difference         SE    P-value
     0      2.714      0.035      0.073      0.632
     1      2.379     -0.300      0.627      0.632

 Threshold U4$3
 Group     Group      Value      Value     Difference  SE       P-value
     1         0      0.769      0.136      0.633      0.559      0.258
 Approximate Measurement Invariance Holds For Groups:
 0 1
 Weighted Average Value Across Invariant Groups:       0.202
 R-square/Explained variance/Invariance index:       0.994

 Invariant Group Values, Difference to Average and Significance
 Group      Value Difference         SE    P-value
     0      0.136     -0.066      0.058      0.258
     1      0.769      0.567      0.500      0.258

 Threshold U4$4
 Group     Group      Value      Value     Difference  SE       P-value
     1         0     -1.256     -2.221      0.965      0.645      0.135
 Approximate Measurement Invariance Holds For Groups:
 0 1
 Weighted Average Value Across Invariant Groups:      -2.121
 R-square/Explained variance/Invariance index:       0.995

 Invariant Group Values, Difference to Average and Significance
 Group      Value Difference         SE    P-value
     0     -2.221     -0.101      0.067      0.135
     1     -1.256      0.864      0.578      0.135

 Threshold U4$5
 Group     Group      Value      Value     Difference  SE       P-value
     1         0     -3.950     -4.573      0.623      0.947      0.511
 Approximate Measurement Invariance Holds For Groups:
 0 1
 Weighted Average Value Across Invariant Groups:      -4.508
 R-square/Explained variance/Invariance index:       0.993

 Invariant Group Values, Difference to Average and Significance
 Group      Value Difference         SE    P-value
     0     -4.573     -0.065      0.099      0.511
     1     -3.950      0.558      0.848      0.511

 Threshold U4$6
 Group     Group      Value      Value     Difference  SE       P-value
     1         0     -4.664     -6.655      1.991      1.151      0.084
 Approximate Measurement Invariance Holds For Groups:
 0 1
 Weighted Average Value Across Invariant Groups:      -6.447
 R-square/Explained variance/Invariance index:       0.000

 Invariant Group Values, Difference to Average and Significance
 Group      Value Difference         SE    P-value
     0     -6.655     -0.208      0.120      0.084
     1     -4.664      1.783      1.031      0.084

 Threshold U4$7
 Group     Group      Value      Value     Difference  SE       P-value
     1         0     -7.416     -8.883      1.468      1.006      0.145
 Approximate Measurement Invariance Holds For Groups:
 0 1
 Weighted Average Value Across Invariant Groups:      -8.730
 R-square/Explained variance/Invariance index:       0.834

 Invariant Group Values, Difference to Average and Significance
 Group      Value Difference         SE    P-value
     0     -8.883     -0.153      0.105      0.145
     1     -7.416      1.315      0.901      0.145

 Threshold U5$1
 Group     Group      Value      Value     Difference  SE       P-value
     1         0      4.710      4.059      0.651      1.020      0.523
 Approximate Measurement Invariance Holds For Groups:
 0 1
 Weighted Average Value Across Invariant Groups:       4.127
 R-square/Explained variance/Invariance index:       0.000

 Invariant Group Values, Difference to Average and Significance
 Group      Value Difference         SE    P-value
     0      4.059     -0.068      0.106      0.523
     1      4.710      0.583      0.913      0.523

 Threshold U5$2
 Group     Group      Value      Value     Difference  SE       P-value
     1         0      2.088      1.869      0.219      0.547      0.689
 Approximate Measurement Invariance Holds For Groups:
 0 1
 Weighted Average Value Across Invariant Groups:       1.891
 R-square/Explained variance/Invariance index:       0.876

 Invariant Group Values, Difference to Average and Significance
 Group      Value Difference         SE    P-value
     0      1.869     -0.023      0.057      0.689
     1      2.088      0.196      0.490      0.689

 Threshold U5$3
 Group     Group      Value      Value     Difference  SE       P-value
     1         0      0.513      0.400      0.113      0.373      0.762
 Approximate Measurement Invariance Holds For Groups:
 0 1
 Weighted Average Value Across Invariant Groups:       0.412
 R-square/Explained variance/Invariance index:       0.942

 Invariant Group Values, Difference to Average and Significance
 Group      Value Difference         SE    P-value
     0      0.400     -0.012      0.039      0.762
     1      0.513      0.101      0.334      0.762

 Threshold U5$4
 Group     Group      Value      Value     Difference  SE       P-value
     1         0     -1.370     -0.875     -0.496      0.385      0.198
 Approximate Measurement Invariance Holds For Groups:
 0 1
 Weighted Average Value Across Invariant Groups:      -0.926
 R-square/Explained variance/Invariance index:       0.974

 Invariant Group Values, Difference to Average and Significance
 Group      Value Difference         SE    P-value
     0     -0.875      0.052      0.040      0.198
     1     -1.370     -0.444      0.345      0.198

 Threshold U5$5
 Group     Group      Value      Value     Difference  SE       P-value
     1         0     -3.511     -2.035     -1.476      0.529      0.005
 Approximate Measurement Invariance Holds For Groups:
 0 1
 Weighted Average Value Across Invariant Groups:      -2.189
 R-square/Explained variance/Invariance index:       0.800

 Invariant Group Values, Difference to Average and Significance
 Group      Value Difference         SE    P-value
     0     -2.035      0.154      0.055      0.005
     1     -3.511     -1.322      0.474      0.005

 Threshold U5$6
 Group     Group      Value      Value     Difference  SE       P-value
     1         0     -4.270     -3.027     -1.242      0.656      0.058
 Approximate Measurement Invariance Holds For Groups:
 0 1
 Weighted Average Value Across Invariant Groups:      -3.157
 R-square/Explained variance/Invariance index:       0.841

 Invariant Group Values, Difference to Average and Significance
 Group      Value Difference         SE    P-value
     0     -3.027      0.130      0.068      0.058
     1     -4.270     -1.113      0.587      0.058

 Threshold U5$7
 Group     Group      Value      Value     Difference  SE       P-value
     1         0     -4.270     -4.096     -0.174      1.029      0.866
 Approximate Measurement Invariance Holds For Groups:
 0 1
 Weighted Average Value Across Invariant Groups:      -4.114
 R-square/Explained variance/Invariance index:       1.000

 Invariant Group Values, Difference to Average and Significance
 Group      Value Difference         SE    P-value
     0     -4.096      0.018      0.107      0.866
     1     -4.270     -0.156      0.921      0.866

 Threshold U5$8
 Group     Group      Value      Value     Difference  SE       P-value
     1         0     -5.091     -5.015     -0.076      0.742      0.918
 Approximate Measurement Invariance Holds For Groups:
 0 1
 Weighted Average Value Across Invariant Groups:      -5.023
 R-square/Explained variance/Invariance index:       0.994

 Invariant Group Values, Difference to Average and Significance
 Group      Value Difference         SE    P-value
     0     -5.015      0.008      0.077      0.918
     1     -5.091     -0.068      0.664      0.918

 Threshold U6$1
 Group     Group      Value      Value     Difference  SE       P-value
     1         0      4.115      3.454      0.661      0.738      0.370
 Approximate Measurement Invariance Holds For Groups:
 0 1
 Weighted Average Value Across Invariant Groups:       3.523
 R-square/Explained variance/Invariance index:       0.000

 Invariant Group Values, Difference to Average and Significance
 Group      Value Difference         SE    P-value
     0      3.454     -0.069      0.077      0.370
     1      4.115      0.592      0.661      0.370

 Threshold U6$2
 Group     Group      Value      Value     Difference  SE       P-value
     1         0      3.169      2.671      0.498      0.551      0.366
 Approximate Measurement Invariance Holds For Groups:
 0 1
 Weighted Average Value Across Invariant Groups:       2.723
 R-square/Explained variance/Invariance index:       0.000

 Invariant Group Values, Difference to Average and Significance
 Group      Value Difference         SE    P-value
     0      2.671     -0.052      0.057      0.366
     1      3.169      0.446      0.493      0.366

 Threshold U6$3
 Group     Group      Value      Value     Difference  SE       P-value
     1         0      2.941      2.316      0.626      0.474      0.187
 Approximate Measurement Invariance Holds For Groups:
 0 1
 Weighted Average Value Across Invariant Groups:       2.381
 R-square/Explained variance/Invariance index:       0.000

 Invariant Group Values, Difference to Average and Significance
 Group      Value Difference         SE    P-value
     0      2.316     -0.065      0.049      0.187
     1      2.941      0.560      0.425      0.187

 Threshold U6$4
 Group     Group      Value      Value     Difference  SE       P-value
     1         0      1.668      1.624      0.044      0.329      0.893
 Approximate Measurement Invariance Holds For Groups:
 0 1
 Weighted Average Value Across Invariant Groups:       1.628
 R-square/Explained variance/Invariance index:       0.735

 Invariant Group Values, Difference to Average and Significance
 Group      Value Difference         SE    P-value
     0      1.624     -0.005      0.034      0.893
     1      1.668      0.039      0.295      0.893

 Threshold U6$5
 Group     Group      Value      Value     Difference  SE       P-value
     1         0      0.479      0.696     -0.217      0.297      0.465
 Approximate Measurement Invariance Holds For Groups:
 0 1
 Weighted Average Value Across Invariant Groups:       0.673
 R-square/Explained variance/Invariance index:       1.000

 Invariant Group Values, Difference to Average and Significance
 Group      Value Difference         SE    P-value
     0      0.696      0.023      0.031      0.465
     1      0.479     -0.194      0.266      0.465

 Threshold U6$6
 Group     Group      Value      Value     Difference  SE       P-value
     1         0      0.115      0.227     -0.113      0.289      0.697
 Approximate Measurement Invariance Holds For Groups:
 0 1
 Weighted Average Value Across Invariant Groups:       0.215
 R-square/Explained variance/Invariance index:       0.973

 Invariant Group Values, Difference to Average and Significance
 Group      Value Difference         SE    P-value
     0      0.227      0.012      0.030      0.697
     1      0.115     -0.101      0.259      0.697

 Threshold U6$7
 Group     Group      Value      Value     Difference  SE       P-value
     1         0     -0.797     -1.042      0.245      0.315      0.437
 Approximate Measurement Invariance Holds For Groups:
 0 1
 Weighted Average Value Across Invariant Groups:      -1.016
 R-square/Explained variance/Invariance index:       0.000

 Invariant Group Values, Difference to Average and Significance
 Group      Value Difference         SE    P-value
     0     -1.042     -0.026      0.033      0.437
     1     -0.797      0.219      0.282      0.437

 Threshold U6$8
 Group     Group      Value      Value     Difference  SE       P-value
     1         0     -1.541     -1.805      0.264      0.393      0.502
 Approximate Measurement Invariance Holds For Groups:
 0 1
 Weighted Average Value Across Invariant Groups:      -1.778
 R-square/Explained variance/Invariance index:       0.000

 Invariant Group Values, Difference to Average and Significance
 Group      Value Difference         SE    P-value
     0     -1.805     -0.028      0.041      0.502
     1     -1.541      0.236      0.352      0.502

 Threshold U7$1
 Group     Group      Value      Value     Difference  SE       P-value
     1         0      3.948      3.911      0.037      0.668      0.956
 Approximate Measurement Invariance Holds For Groups:
 0 1
 Weighted Average Value Across Invariant Groups:       3.915
 R-square/Explained variance/Invariance index:       0.749

 Invariant Group Values, Difference to Average and Significance
 Group      Value Difference         SE    P-value
     0      3.911     -0.004      0.070      0.956
     1      3.948      0.033      0.598      0.956

 Threshold U7$2
 Group     Group      Value      Value     Difference  SE       P-value
     1         0      3.115      2.668      0.447      0.565      0.429
 Approximate Measurement Invariance Holds For Groups:
 0 1
 Weighted Average Value Across Invariant Groups:       2.715
 R-square/Explained variance/Invariance index:       0.000

 Invariant Group Values, Difference to Average and Significance
 Group      Value Difference         SE    P-value
     0      2.668     -0.047      0.059      0.429
     1      3.115      0.400      0.506      0.429

 Threshold U7$3
 Group     Group      Value      Value     Difference  SE       P-value
     1         0      1.898      1.361      0.537      0.403      0.182
 Approximate Measurement Invariance Holds For Groups:
 0 1
 Weighted Average Value Across Invariant Groups:       1.417
 R-square/Explained variance/Invariance index:       0.000

 Invariant Group Values, Difference to Average and Significance
 Group      Value Difference         SE    P-value
     0      1.361     -0.056      0.042      0.182
     1      1.898      0.481      0.361      0.182

 Threshold U7$4
 Group     Group      Value      Value     Difference  SE       P-value
     1         0      0.247     -0.041      0.288      0.355      0.417
 Approximate Measurement Invariance Holds For Groups:
 0 1
 Weighted Average Value Across Invariant Groups:      -0.011
 R-square/Explained variance/Invariance index:       0.000

 Invariant Group Values, Difference to Average and Significance
 Group      Value Difference         SE    P-value
     0     -0.041     -0.030      0.037      0.417
     1      0.247      0.258      0.318      0.417

 Threshold U7$5
 Group     Group      Value      Value     Difference  SE       P-value
     1         0     -2.709     -2.353     -0.356      0.545      0.513
 Approximate Measurement Invariance Holds For Groups:
 0 1
 Weighted Average Value Across Invariant Groups:      -2.390
 R-square/Explained variance/Invariance index:       0.998

 Invariant Group Values, Difference to Average and Significance
 Group      Value Difference         SE    P-value
     0     -2.353      0.037      0.057      0.513
     1     -2.709     -0.319      0.488      0.513

 Threshold U8$1
 Group     Group      Value      Value     Difference  SE       P-value
     1         0      3.282      2.675      0.607      0.594      0.307
 Approximate Measurement Invariance Holds For Groups:
 0 1
 Weighted Average Value Across Invariant Groups:       2.738
 R-square/Explained variance/Invariance index:       0.000

 Invariant Group Values, Difference to Average and Significance
 Group      Value Difference         SE    P-value
     0      2.675     -0.063      0.062      0.307
     1      3.282      0.543      0.532      0.307

 Threshold U8$2
 Group     Group      Value      Value     Difference  SE       P-value
     1         0      2.252      1.811      0.441      0.443      0.319
 Approximate Measurement Invariance Holds For Groups:
 0 1
 Weighted Average Value Across Invariant Groups:       1.857
 R-square/Explained variance/Invariance index:       0.000

 Invariant Group Values, Difference to Average and Significance
 Group      Value Difference         SE    P-value
     0      1.811     -0.046      0.046      0.319
     1      2.252      0.395      0.397      0.319

 Threshold U8$3
 Group     Group      Value      Value     Difference  SE       P-value
     1         0      0.765      0.482      0.282      0.390      0.470
 Approximate Measurement Invariance Holds For Groups:
 0 1
 Weighted Average Value Across Invariant Groups:       0.512
 R-square/Explained variance/Invariance index:       0.000

 Invariant Group Values, Difference to Average and Significance
 Group      Value Difference         SE    P-value
     0      0.482     -0.029      0.041      0.470
     1      0.765      0.253      0.349      0.470

 Threshold U8$4
 Group     Group      Value      Value     Difference  SE       P-value
     1         0     -0.897     -0.848     -0.049      0.363      0.892
 Approximate Measurement Invariance Holds For Groups:
 0 1
 Weighted Average Value Across Invariant Groups:      -0.853
 R-square/Explained variance/Invariance index:       0.912

 Invariant Group Values, Difference to Average and Significance
 Group      Value Difference         SE    P-value
     0     -0.848      0.005      0.038      0.892
     1     -0.897     -0.044      0.325      0.892

 Threshold U9$1
 Group     Group      Value      Value     Difference  SE       P-value
     1         0      4.703      5.004     -0.301      0.901      0.738
 Approximate Measurement Invariance Holds For Groups:
 0 1
 Weighted Average Value Across Invariant Groups:       4.973
 R-square/Explained variance/Invariance index:       0.899

 Invariant Group Values, Difference to Average and Significance
 Group      Value Difference         SE    P-value
     0      5.004      0.031      0.094      0.738
     1      4.703     -0.270      0.807      0.738

 Threshold U9$2
 Group     Group      Value      Value     Difference  SE       P-value
     1         0      1.759      1.859     -0.100      0.467      0.831
 Approximate Measurement Invariance Holds For Groups:
 0 1
 Weighted Average Value Across Invariant Groups:       1.848
 R-square/Explained variance/Invariance index:       0.933

 Invariant Group Values, Difference to Average and Significance
 Group      Value Difference         SE    P-value
     0      1.859      0.010      0.049      0.831
     1      1.759     -0.089      0.419      0.831

 Threshold U9$3
 Group     Group      Value      Value     Difference  SE       P-value
     1         0     -0.232     -0.402      0.170      0.385      0.658
 Approximate Measurement Invariance Holds For Groups:
 0 1
 Weighted Average Value Across Invariant Groups:      -0.384
 R-square/Explained variance/Invariance index:       0.975

 Invariant Group Values, Difference to Average and Significance
 Group      Value Difference         SE    P-value
     0     -0.402     -0.018      0.040      0.658
     1     -0.232      0.152      0.345      0.658

 Threshold U9$4
 Group     Group      Value      Value     Difference  SE       P-value
     1         0     -2.123     -2.352      0.229      0.520      0.659
 Approximate Measurement Invariance Holds For Groups:
 0 1
 Weighted Average Value Across Invariant Groups:      -2.329
 R-square/Explained variance/Invariance index:       0.982

 Invariant Group Values, Difference to Average and Significance
 Group      Value Difference         SE    P-value
     0     -2.352     -0.024      0.054      0.659
     1     -2.123      0.205      0.466      0.659

 Threshold U9$5
 Group     Group      Value      Value     Difference  SE       P-value
     1         0     -3.060     -4.045      0.984      0.589      0.094
 Approximate Measurement Invariance Holds For Groups:
 0 1
 Weighted Average Value Across Invariant Groups:      -3.942
 R-square/Explained variance/Invariance index:       0.834

 Invariant Group Values, Difference to Average and Significance
 Group      Value Difference         SE    P-value
     0     -4.045     -0.103      0.061      0.094
     1     -3.060      0.882      0.527      0.094

 Threshold U9$6
 Group     Group      Value      Value     Difference  SE       P-value
     1         0     -5.092     -5.761      0.669      1.047      0.523
 Approximate Measurement Invariance Holds For Groups:
 0 1
 Weighted Average Value Across Invariant Groups:      -5.691
 R-square/Explained variance/Invariance index:       0.987

 Invariant Group Values, Difference to Average and Significance
 Group      Value Difference         SE    P-value
     0     -5.761     -0.070      0.109      0.523
     1     -5.092      0.599      0.937      0.523

 Threshold U13$1
 Group     Group      Value      Value     Difference  SE       P-value
     1         0      2.931      3.084     -0.153      0.506      0.762
 Approximate Measurement Invariance Holds For Groups:
 0 1
 Weighted Average Value Across Invariant Groups:       3.068
 R-square/Explained variance/Invariance index:       0.989

 Invariant Group Values, Difference to Average and Significance
 Group      Value Difference         SE    P-value
     0      3.084      0.016      0.053      0.762
     1      2.931     -0.137      0.453      0.762

 Threshold U13$2
 Group     Group      Value      Value     Difference  SE       P-value
     1         0      1.918      1.942     -0.024      0.387      0.951
 Approximate Measurement Invariance Holds For Groups:
 0 1
 Weighted Average Value Across Invariant Groups:       1.939
 R-square/Explained variance/Invariance index:       1.000

 Invariant Group Values, Difference to Average and Significance
 Group      Value Difference         SE    P-value
     0      1.942      0.002      0.040      0.951
     1      1.918     -0.021      0.347      0.951

 Threshold U13$3
 Group     Group      Value      Value     Difference  SE       P-value
     1         0      0.502      0.883     -0.381      0.282      0.176
 Approximate Measurement Invariance Holds For Groups:
 0 1
 Weighted Average Value Across Invariant Groups:       0.844
 R-square/Explained variance/Invariance index:       0.941

 Invariant Group Values, Difference to Average and Significance
 Group      Value Difference         SE    P-value
     0      0.883      0.040      0.029      0.176
     1      0.502     -0.341      0.252      0.176

 Threshold U13$4
 Group     Group      Value      Value     Difference  SE       P-value
     1         0     -0.290      0.326     -0.616      0.326      0.059
 Approximate Measurement Invariance Holds For Groups:
 0 1
 Weighted Average Value Across Invariant Groups:       0.262
 R-square/Explained variance/Invariance index:       0.880

 Invariant Group Values, Difference to Average and Significance
 Group      Value Difference         SE    P-value
     0      0.326      0.064      0.034      0.059
     1     -0.290     -0.551      0.292      0.059

 Threshold U13$5
 Group     Group      Value      Value     Difference  SE       P-value
     1         0     -0.999     -0.244     -0.755      0.346      0.029
 Approximate Measurement Invariance Holds For Groups:
 0 1
 Weighted Average Value Across Invariant Groups:      -0.323
 R-square/Explained variance/Invariance index:       0.844

 Invariant Group Values, Difference to Average and Significance
 Group      Value Difference         SE    P-value
     0     -0.244      0.079      0.036      0.029
     1     -0.999     -0.676      0.310      0.029

 Threshold U13$6
 Group     Group      Value      Value     Difference  SE       P-value
     1         0     -1.889     -1.341     -0.548      0.444      0.218
 Approximate Measurement Invariance Holds For Groups:
 0 1
 Weighted Average Value Across Invariant Groups:      -1.398
 R-square/Explained variance/Invariance index:       0.898

 Invariant Group Values, Difference to Average and Significance
 Group      Value Difference         SE    P-value
     0     -1.341      0.057      0.046      0.218
     1     -1.889     -0.491      0.398      0.218

 Threshold U13$7
 Group     Group      Value      Value     Difference  SE       P-value
     1         0     -2.441     -2.041     -0.400      0.496      0.420
 Approximate Measurement Invariance Holds For Groups:
 0 1
 Weighted Average Value Across Invariant Groups:      -2.082
 R-square/Explained variance/Invariance index:       0.936

 Invariant Group Values, Difference to Average and Significance
 Group      Value Difference         SE    P-value
     0     -2.041      0.042      0.052      0.420
     1     -2.441     -0.358      0.445      0.420

 Threshold U13$8
 Group     Group      Value      Value     Difference  SE       P-value
     1         0     -3.560     -3.238     -0.322      0.591      0.586
 Approximate Measurement Invariance Holds For Groups:
 0 1
 Weighted Average Value Across Invariant Groups:      -3.271
 R-square/Explained variance/Invariance index:       0.955

 Invariant Group Values, Difference to Average and Significance
 Group      Value Difference         SE    P-value
     0     -3.238      0.034      0.062      0.586
     1     -3.560     -0.289      0.529      0.586

 Threshold U16$1
 Group     Group      Value      Value     Difference  SE       P-value
     1         0      2.057      2.127     -0.070      0.321      0.827
 Approximate Measurement Invariance Holds For Groups:
 0 1
 Weighted Average Value Across Invariant Groups:       2.120
 R-square/Explained variance/Invariance index:       0.988

 Invariant Group Values, Difference to Average and Significance
 Group      Value Difference         SE    P-value
     0      2.127      0.007      0.033      0.827
     1      2.057     -0.063      0.287      0.827

 Threshold U16$2
 Group     Group      Value      Value     Difference  SE       P-value
     1         0      1.358      1.742     -0.384      0.319      0.229
 Approximate Measurement Invariance Holds For Groups:
 0 1
 Weighted Average Value Across Invariant Groups:       1.702
 R-square/Explained variance/Invariance index:       0.906

 Invariant Group Values, Difference to Average and Significance
 Group      Value Difference         SE    P-value
     0      1.742      0.040      0.033      0.229
     1      1.358     -0.344      0.286      0.229

 Threshold U16$3
 Group     Group      Value      Value     Difference  SE       P-value
     1         0      1.082      1.309     -0.226      0.294      0.441
 Approximate Measurement Invariance Holds For Groups:
 0 1
 Weighted Average Value Across Invariant Groups:       1.285
 R-square/Explained variance/Invariance index:       0.952

 Invariant Group Values, Difference to Average and Significance
 Group      Value Difference         SE    P-value
     0      1.309      0.024      0.031      0.441
     1      1.082     -0.203      0.263      0.441

 Threshold U16$4
 Group     Group      Value      Value     Difference  SE       P-value
     1         0      0.824      0.933     -0.109      0.271      0.687
 Approximate Measurement Invariance Holds For Groups:
 0 1
 Weighted Average Value Across Invariant Groups:       0.922
 R-square/Explained variance/Invariance index:       0.981

 Invariant Group Values, Difference to Average and Significance
 Group      Value Difference         SE    P-value
     0      0.933      0.011      0.028      0.687
     1      0.824     -0.098      0.243      0.687

 Threshold U16$5
 Group     Group      Value      Value     Difference  SE       P-value
     1         0      0.167      0.344     -0.177      0.286      0.535
 Approximate Measurement Invariance Holds For Groups:
 0 1
 Weighted Average Value Across Invariant Groups:       0.326
 R-square/Explained variance/Invariance index:       0.965

 Invariant Group Values, Difference to Average and Significance
 Group      Value Difference         SE    P-value
     0      0.344      0.018      0.030      0.535
     1      0.167     -0.159      0.256      0.535

 Threshold U16$6
 Group     Group      Value      Value     Difference  SE       P-value
     1         0      0.167      0.053      0.113      0.998      0.909
 Approximate Measurement Invariance Holds For Groups:
 0 1
 Weighted Average Value Across Invariant Groups:       0.065
 R-square/Explained variance/Invariance index:       0.995

 Invariant Group Values, Difference to Average and Significance
 Group      Value Difference         SE    P-value
     0      0.053     -0.012      0.104      0.909
     1      0.167      0.102      0.894      0.909

 Threshold U16$7
 Group     Group      Value      Value     Difference  SE       P-value
     1         0     -0.697     -0.683     -0.014      0.280      0.959
 Approximate Measurement Invariance Holds For Groups:
 0 1
 Weighted Average Value Across Invariant Groups:      -0.685
 R-square/Explained variance/Invariance index:       0.996

 Invariant Group Values, Difference to Average and Significance
 Group      Value Difference         SE    P-value
     0     -0.683      0.001      0.029      0.959
     1     -0.697     -0.013      0.251      0.959

 Threshold U16$8
 Group     Group      Value      Value     Difference  SE       P-value
     1         0     -1.919     -1.796     -0.123      0.397      0.756
 Approximate Measurement Invariance Holds For Groups:
 0 1
 Weighted Average Value Across Invariant Groups:      -1.808
 R-square/Explained variance/Invariance index:       0.978

 Invariant Group Values, Difference to Average and Significance
 Group      Value Difference         SE    P-value
     0     -1.796      0.013      0.041      0.756
     1     -1.919     -0.110      0.355      0.756



 Loadings
 Loadings for U3
 Group     Group      Value      Value     Difference  SE       P-value
     1         0      2.021      2.705     -0.684      1.153      0.553
 Approximate Measurement Invariance Holds For Groups:
 0 1
 Weighted Average Value Across Invariant Groups:       2.634
 R-square/Explained variance/Invariance index:       0.000

 Invariant Group Values, Difference to Average and Significance
 Group      Value Difference         SE    P-value
     0      2.705      0.071      0.120      0.553
     1      2.021     -0.612      1.033      0.553

 Loadings for U4
 Group     Group      Value      Value     Difference  SE       P-value
     1         0      1.821      3.963     -2.142      1.491      0.151
 Approximate Measurement Invariance Holds For Groups:
 0 1
 Weighted Average Value Across Invariant Groups:       3.740
 R-square/Explained variance/Invariance index:       0.000

 Invariant Group Values, Difference to Average and Significance
 Group      Value Difference         SE    P-value
     0      3.963      0.223      0.155      0.151
     1      1.821     -1.919      1.335      0.151

 Loadings for U5
 Group     Group      Value      Value     Difference  SE       P-value
     1         0      2.311      1.807      0.504      0.612      0.410
 Approximate Measurement Invariance Holds For Groups:
 0 1
 Weighted Average Value Across Invariant Groups:       1.860
 R-square/Explained variance/Invariance index:       0.684

 Invariant Group Values, Difference to Average and Significance
 Group      Value Difference         SE    P-value
     0      1.807     -0.053      0.064      0.410
     1      2.311      0.451      0.548      0.410

 Loadings for U6
 Group     Group      Value      Value     Difference  SE       P-value
     1         0      1.322      0.737      0.585      0.355      0.099
 Approximate Measurement Invariance Holds For Groups:
 0 1
 Weighted Average Value Across Invariant Groups:       0.798
 R-square/Explained variance/Invariance index:       0.439

 Invariant Group Values, Difference to Average and Significance
 Group      Value Difference         SE    P-value
     0      0.737     -0.061      0.037      0.099
     1      1.322      0.524      0.318      0.099

 Loadings for U7
 Group     Group      Value      Value     Difference  SE       P-value
     1         0      1.748      0.945      0.803      0.503      0.110
 Approximate Measurement Invariance Holds For Groups:
 0 1
 Weighted Average Value Across Invariant Groups:       1.029
 R-square/Explained variance/Invariance index:       0.426

 Invariant Group Values, Difference to Average and Significance
 Group      Value Difference         SE    P-value
     0      0.945     -0.084      0.052      0.110
     1      1.748      0.719      0.451      0.110

 Loadings for U8
 Group     Group      Value      Value     Difference  SE       P-value
     1         0      1.838      1.050      0.788      0.529      0.136
 Approximate Measurement Invariance Holds For Groups:
 0 1
 Weighted Average Value Across Invariant Groups:       1.132
 R-square/Explained variance/Invariance index:       0.451

 Invariant Group Values, Difference to Average and Significance
 Group      Value Difference         SE    P-value
     0      1.050     -0.082      0.055      0.136
     1      1.838      0.706      0.473      0.136

 Loadings for U9
 Group     Group      Value      Value     Difference  SE       P-value
     1         0      1.568      2.849     -1.281      1.094      0.242
 Approximate Measurement Invariance Holds For Groups:
 0 1
 Weighted Average Value Across Invariant Groups:       2.716
 R-square/Explained variance/Invariance index:       0.000

 Invariant Group Values, Difference to Average and Significance
 Group      Value Difference         SE    P-value
     0      2.849      0.134      0.114      0.242
     1      1.568     -1.147      0.980      0.242

 Loadings for U13
 Group     Group      Value      Value     Difference  SE       P-value
     1         0      1.484      1.426      0.059      0.120      0.627
 Approximate Measurement Invariance Holds For Groups:
 0 1
 Weighted Average Value Across Invariant Groups:       1.432
 R-square/Explained variance/Invariance index:       0.970

 Invariant Group Values, Difference to Average and Significance
 Group      Value Difference         SE    P-value
     0      1.426     -0.006      0.013      0.627
     1      1.484      0.052      0.108      0.627

 Loadings for U16
 Group     Group      Value      Value     Difference  SE       P-value
     1         0      1.216      1.348     -0.131      0.432      0.761
 Approximate Measurement Invariance Holds For Groups:
 0 1
 Weighted Average Value Across Invariant Groups:       1.334
 R-square/Explained variance/Invariance index:       0.000

 Invariant Group Values, Difference to Average and Significance
 Group      Value Difference         SE    P-value
     0      1.348      0.014      0.045      0.761
     1      1.216     -0.118      0.387      0.761

 Average Invariance index:       0.686


     Beginning Time:  13:32:34
        Ending Time:  13:32:44
       Elapsed Time:  00:00:10



MUTHEN & MUTHEN
3463 Stoner Ave.
Los Angeles, CA  90066

Tel: (310) 391-9971
Fax: (310) 391-8971
Web: www.StatModel.com
Support: Support@StatModel.com

Copyright (c) 1998-2018 Muthen & Muthen
